{"meta": {"version": "7.0.5", "timestamp": "2023-01-23T16:01:16.520521", "branch_coverage": false, "show_contexts": false}, "files": {"pysubs/__init__.py": {"executed_lines": [1], "summary": {"covered_lines": 0, "num_statements": 0, "percent_covered": 100.0, "percent_covered_display": "100", "missing_lines": 0, "excluded_lines": 0}, "missing_lines": [], "excluded_lines": []}, "pysubs/dal/__init__.py": {"executed_lines": [1], "summary": {"covered_lines": 0, "num_statements": 0, "percent_covered": 100.0, "percent_covered_display": "100", "missing_lines": 0, "excluded_lines": 0}, "missing_lines": [], "excluded_lines": []}, "pysubs/dal/datastore_models.py": {"executed_lines": [1, 3, 4, 7, 8, 11, 12, 13, 14, 15, 16, 17, 18, 21, 22, 25, 26, 27, 28, 29, 30, 33, 34, 35, 36, 39, 40, 41, 42, 43, 44, 45], "summary": {"covered_lines": 28, "num_statements": 28, "percent_covered": 100.0, "percent_covered_display": "100", "missing_lines": 0, "excluded_lines": 0}, "missing_lines": [], "excluded_lines": []}, "pysubs/dal/firestore.py": {"executed_lines": [1, 2, 3, 5, 6, 7, 8, 9, 12, 13, 18, 19, 21, 22, 29, 36, 46, 57, 67, 80, 91, 101], "summary": {"covered_lines": 21, "num_statements": 62, "percent_covered": 33.87096774193548, "percent_covered_display": "34", "missing_lines": 41, "excluded_lines": 0}, "missing_lines": [23, 24, 25, 26, 27, 33, 34, 42, 43, 44, 53, 54, 55, 63, 64, 65, 73, 74, 75, 76, 78, 87, 88, 89, 97, 98, 99, 114, 115, 122, 123, 129, 132, 133, 134, 135, 136, 137, 138, 139, 140], "excluded_lines": []}, "pysubs/exceptions/__init__.py": {"executed_lines": [1], "summary": {"covered_lines": 0, "num_statements": 0, "percent_covered": 100.0, "percent_covered_display": "100", "missing_lines": 0, "excluded_lines": 0}, "missing_lines": [], "excluded_lines": []}, "pysubs/exceptions/firestore.py": {"executed_lines": [1, 2], "summary": {"covered_lines": 1, "num_statements": 1, "percent_covered": 100.0, "percent_covered_display": "100", "missing_lines": 0, "excluded_lines": 0}, "missing_lines": [], "excluded_lines": []}, "pysubs/exceptions/media.py": {"executed_lines": [1, 2, 5, 6, 9, 10, 13, 14], "summary": {"covered_lines": 4, "num_statements": 4, "percent_covered": 100.0, "percent_covered_display": "100", "missing_lines": 0, "excluded_lines": 0}, "missing_lines": [], "excluded_lines": []}, "pysubs/interfaces/__init__.py": {"executed_lines": [1], "summary": {"covered_lines": 0, "num_statements": 0, "percent_covered": 100.0, "percent_covered_display": "100", "missing_lines": 0, "excluded_lines": 0}, "missing_lines": [], "excluded_lines": []}, "pysubs/interfaces/asr.py": {"executed_lines": [1, 3, 6, 7, 10, 11, 19, 20, 28, 29], "summary": {"covered_lines": 9, "num_statements": 12, "percent_covered": 75.0, "percent_covered_display": "75", "missing_lines": 3, "excluded_lines": 0}, "missing_lines": [17, 26, 35], "excluded_lines": []}, "pysubs/interfaces/datastore.py": {"executed_lines": [1, 2, 3, 5, 8, 9, 12, 13, 21, 22, 30, 31, 39, 40, 48, 49, 57, 58, 67, 68], "summary": {"covered_lines": 19, "num_statements": 26, "percent_covered": 73.07692307692308, "percent_covered_display": "73", "missing_lines": 7, "excluded_lines": 0}, "missing_lines": [19, 28, 37, 46, 55, 65, 82], "excluded_lines": []}, "pysubs/interfaces/media.py": {"executed_lines": [1, 2, 4, 6, 7, 10, 11, 14, 15, 16, 28, 29, 30, 42, 43, 57, 58, 66, 67, 75, 76], "summary": {"covered_lines": 20, "num_statements": 26, "percent_covered": 76.92307692307692, "percent_covered_display": "77", "missing_lines": 6, "excluded_lines": 0}, "missing_lines": [26, 40, 55, 64, 73, 84], "excluded_lines": []}, "pysubs/utils/__init__.py": {"executed_lines": [1, 3], "summary": {"covered_lines": 2, "num_statements": 2, "percent_covered": 100.0, "percent_covered_display": "100", "missing_lines": 0, "excluded_lines": 0}, "missing_lines": [], "excluded_lines": []}, "pysubs/utils/constants.py": {"executed_lines": [2, 3, 6, 7, 8, 9, 10, 13, 14], "summary": {"covered_lines": 9, "num_statements": 9, "percent_covered": 100.0, "percent_covered_display": "100", "missing_lines": 0, "excluded_lines": 0}, "missing_lines": [], "excluded_lines": []}, "pysubs/utils/conversion.py": {"executed_lines": [1, 2, 3, 4, 6, 7, 8, 11, 17, 18, 19, 20, 21, 22, 25], "summary": {"covered_lines": 15, "num_statements": 19, "percent_covered": 78.94736842105263, "percent_covered_display": "79", "missing_lines": 4, "excluded_lines": 0}, "missing_lines": [33, 34, 35, 36], "excluded_lines": []}, "pysubs/utils/ffmpeg_utils.py": {"executed_lines": [1, 2, 3, 5, 7, 10, 21, 35], "summary": {"covered_lines": 8, "num_statements": 18, "percent_covered": 44.44444444444444, "percent_covered_display": "44", "missing_lines": 10, "excluded_lines": 0}, "missing_lines": [18, 27, 28, 29, 30, 31, 32, 43, 44, 51], "excluded_lines": []}, "pysubs/utils/file_helper.py": {"executed_lines": [1], "summary": {"covered_lines": 1, "num_statements": 4, "percent_covered": 25.0, "percent_covered_display": "25", "missing_lines": 3, "excluded_lines": 0}, "missing_lines": [8, 9, 10], "excluded_lines": []}, "pysubs/utils/media/__init__.py": {"executed_lines": [1], "summary": {"covered_lines": 0, "num_statements": 0, "percent_covered": 100.0, "percent_covered_display": "100", "missing_lines": 0, "excluded_lines": 0}, "missing_lines": [], "excluded_lines": []}, "pysubs/utils/media/file.py": {"executed_lines": [1, 2, 3, 4, 5, 6, 7, 8, 10, 12, 13, 14, 15, 16, 17, 18, 21, 22, 25, 26, 42, 43, 50, 51, 55, 56, 58, 61, 74, 75, 76, 77, 78, 79, 80, 81, 82, 83, 84, 96, 97, 99, 101, 106, 109, 110, 112, 118, 120, 127, 129, 130, 141], "summary": {"covered_lines": 52, "num_statements": 57, "percent_covered": 91.2280701754386, "percent_covered_display": "91", "missing_lines": 5, "excluded_lines": 0}, "missing_lines": [33, 39, 40, 59, 128], "excluded_lines": []}, "pysubs/utils/media/youtube.py": {"executed_lines": [1, 2, 3, 4, 5, 6, 7, 9, 10, 12, 13, 14, 15, 16, 17, 20, 21, 22, 38, 39, 49, 53, 54, 56, 82, 85, 91, 92, 93, 94, 95, 96, 97, 98, 100, 107, 108, 109, 110, 121, 123, 124], "summary": {"covered_lines": 42, "num_statements": 60, "percent_covered": 70.0, "percent_covered_display": "70", "missing_lines": 18, "excluded_lines": 0}, "missing_lines": [29, 35, 36, 67, 68, 69, 70, 83, 130, 131, 132, 133, 134, 137, 140, 148, 149, 152], "excluded_lines": []}, "pysubs/utils/models.py": {"executed_lines": [1, 2, 3, 4, 6, 7, 9, 13, 14, 17, 18, 21, 22, 23, 24, 25, 28, 29, 30, 31, 32, 33, 34, 35, 38, 39, 42, 43, 46, 47, 51, 52, 53, 54, 57, 58, 59, 60, 64, 65, 66, 67, 68, 69, 70, 71, 72, 73, 74, 75, 77, 78, 82, 83, 84, 85, 86, 87, 90, 91, 92, 93, 94, 95, 96, 97, 100, 101, 102, 103, 104, 105, 106, 107, 110, 111, 112], "summary": {"covered_lines": 77, "num_statements": 78, "percent_covered": 98.71794871794872, "percent_covered_display": "99", "missing_lines": 1, "excluded_lines": 0}, "missing_lines": [79], "excluded_lines": []}, "pysubs/utils/pysubs_manager.py": {"executed_lines": [1, 2, 3, 4, 5, 6, 7, 9, 10, 11, 12, 13, 14, 15, 16, 17, 18, 19, 20, 22, 24, 27, 39, 47, 48, 49, 50, 51, 53, 56, 71, 86, 93, 94, 95, 96, 97, 100, 107, 108, 109, 110, 111, 114, 122, 126, 127, 130, 136, 137, 138, 139, 140, 148, 161, 174, 213, 227, 235, 236, 237, 238, 239, 240, 241, 242, 253, 256, 263, 264, 265, 266, 267, 271], "summary": {"covered_lines": 74, "num_statements": 115, "percent_covered": 64.34782608695652, "percent_covered_display": "64", "missing_lines": 41, "excluded_lines": 0}, "missing_lines": [34, 35, 36, 63, 64, 65, 66, 67, 68, 78, 79, 80, 81, 82, 83, 155, 156, 157, 158, 168, 169, 170, 171, 182, 183, 184, 185, 186, 196, 197, 205, 206, 207, 208, 209, 210, 219, 220, 221, 222, 224], "excluded_lines": []}, "pysubs/utils/settings.py": {"executed_lines": [1, 2, 3, 4, 7, 8, 11, 12, 13, 17, 18, 20, 21, 22, 23, 24, 25, 26, 28, 29, 30], "summary": {"covered_lines": 20, "num_statements": 20, "percent_covered": 100.0, "percent_covered_display": "100", "missing_lines": 0, "excluded_lines": 0}, "missing_lines": [], "excluded_lines": []}, "pysubs/utils/transcriber.py": {"executed_lines": [1, 3, 4, 5, 7, 10, 11, 14, 18, 20, 28, 34, 36], "summary": {"covered_lines": 12, "num_statements": 16, "percent_covered": 75.0, "percent_covered_display": "75", "missing_lines": 4, "excluded_lines": 0}, "missing_lines": [26, 42, 43, 44], "excluded_lines": []}, "tests/__init__.py": {"executed_lines": [1], "summary": {"covered_lines": 0, "num_statements": 0, "percent_covered": 100.0, "percent_covered_display": "100", "missing_lines": 0, "excluded_lines": 0}, "missing_lines": [], "excluded_lines": []}, "tests/conftest.py": {"executed_lines": [1, 4, 12, 17, 20, 27], "summary": {"covered_lines": 6, "num_statements": 6, "percent_covered": 100.0, "percent_covered_display": "100", "missing_lines": 0, "excluded_lines": 0}, "missing_lines": [], "excluded_lines": []}, "tests/mock_functions.py": {"executed_lines": [1, 2, 3, 4, 5, 7, 9, 10, 11, 14, 15, 18, 19, 22, 23, 33, 34, 45, 48, 49, 52, 53, 56, 57, 60, 61, 64, 65, 66, 67, 68, 69, 72, 73, 76, 77, 80, 81, 94, 95, 96, 97, 98, 99, 112, 113, 116, 117, 118, 119, 129, 137, 140, 141], "summary": {"covered_lines": 54, "num_statements": 54, "percent_covered": 100.0, "percent_covered_display": "100", "missing_lines": 0, "excluded_lines": 0}, "missing_lines": [], "excluded_lines": []}, "tests/test_media_file.py": {"executed_lines": [1, 2, 3, 4, 5, 6, 7, 9, 10, 11, 12, 15, 16, 17, 18, 20, 27, 36, 37, 38, 42, 46, 50, 54, 55, 56, 57, 58, 60, 61, 62, 63, 64, 65, 66, 67, 68, 70, 71, 72, 73, 74, 75, 77, 78, 82, 83, 84, 86, 87, 91, 92, 96, 97], "summary": {"covered_lines": 54, "num_statements": 54, "percent_covered": 100.0, "percent_covered_display": "100", "missing_lines": 0, "excluded_lines": 0}, "missing_lines": [], "excluded_lines": []}, "tests/test_media_youtube.py": {"executed_lines": [1, 2, 3, 4, 6, 8, 9, 10, 11, 12, 13, 16, 23, 32, 33, 44, 55, 67, 68, 72, 73, 74, 75, 77, 78, 82, 83, 84, 86, 87, 91, 92, 93, 95, 96, 100, 104, 105, 106, 107, 109, 110, 114, 115, 116, 118, 119, 123, 124, 125, 127, 128, 139, 140, 144, 145, 146, 147, 148, 149, 151, 152, 153, 157, 158], "summary": {"covered_lines": 65, "num_statements": 65, "percent_covered": 100.0, "percent_covered_display": "100", "missing_lines": 0, "excluded_lines": 0}, "missing_lines": [], "excluded_lines": []}, "tests/test_pysubs_manager.py": {"executed_lines": [1, 2, 3, 4, 5, 6, 8, 9, 11, 12, 13, 15, 16, 20, 21, 22, 23, 26, 27, 28, 29, 33, 37, 41, 48, 54, 55, 56, 58, 59, 63, 67, 71, 78, 83, 84, 86, 87, 91, 95, 106, 107, 109, 110, 111, 112, 116, 117, 118, 120, 131, 139, 140, 141, 143, 144, 145, 147, 148, 149, 151, 152, 153, 154, 155, 156, 157, 158, 159, 160, 161, 163, 164, 168, 172, 173, 174, 175], "summary": {"covered_lines": 78, "num_statements": 78, "percent_covered": 100.0, "percent_covered_display": "100", "missing_lines": 0, "excluded_lines": 0}, "missing_lines": [], "excluded_lines": []}, "tests/test_settings.py": {"executed_lines": [1, 3, 5, 8, 9, 12, 13, 15, 17, 18, 21, 22, 23, 24, 25, 26, 27, 29, 30, 31, 32, 33, 34], "summary": {"covered_lines": 23, "num_statements": 24, "percent_covered": 95.83333333333333, "percent_covered_display": "96", "missing_lines": 1, "excluded_lines": 0}, "missing_lines": [14], "excluded_lines": []}}, "totals": {"covered_lines": 694, "num_statements": 838, "percent_covered": 82.81622911694511, "percent_covered_display": "83", "missing_lines": 144, "excluded_lines": 0}}